INFO: [VRFC 10-163] Analyzing VHDL file "C:/Users/Client/Desktop/matousek/Digital-electronics-1/Labs/04-segment/hex_7seg/hex_7seg.srcs/sources_1/new/hex_7seg.vhd" into library xil_defaultlib
INFO: [VRFC 10-3107] analyzing entity 'hex_7seg'
ERROR: [VRFC 10-4982] syntax error near 'p_7seg_decoder' [C:/Users/Client/Desktop/matousek/Digital-electronics-1/Labs/04-segment/hex_7seg/hex_7seg.srcs/sources_1/new/hex_7seg.vhd:44]
ERROR: [VRFC 10-4982] syntax error near 'when' [C:/Users/Client/Desktop/matousek/Digital-electronics-1/Labs/04-segment/hex_7seg/hex_7seg.srcs/sources_1/new/hex_7seg.vhd:49]
ERROR: [VRFC 10-4982] syntax error near 'when' [C:/Users/Client/Desktop/matousek/Digital-electronics-1/Labs/04-segment/hex_7seg/hex_7seg.srcs/sources_1/new/hex_7seg.vhd:51]
ERROR: [VRFC 10-4982] syntax error near 'when' [C:/Users/Client/Desktop/matousek/Digital-electronics-1/Labs/04-segment/hex_7seg/hex_7seg.srcs/sources_1/new/hex_7seg.vhd:53]
ERROR: [VRFC 10-4982] syntax error near 'when' [C:/Users/Client/Desktop/matousek/Digital-electronics-1/Labs/04-segment/hex_7seg/hex_7seg.srcs/sources_1/new/hex_7seg.vhd:55]
ERROR: [VRFC 10-4982] syntax error near 'when' [C:/Users/Client/Desktop/matousek/Digital-electronics-1/Labs/04-segment/hex_7seg/hex_7seg.srcs/sources_1/new/hex_7seg.vhd:57]
ERROR: [VRFC 10-4982] syntax error near 'when' [C:/Users/Client/Desktop/matousek/Digital-electronics-1/Labs/04-segment/hex_7seg/hex_7seg.srcs/sources_1/new/hex_7seg.vhd:59]
ERROR: [VRFC 10-4982] syntax error near 'when' [C:/Users/Client/Desktop/matousek/Digital-electronics-1/Labs/04-segment/hex_7seg/hex_7seg.srcs/sources_1/new/hex_7seg.vhd:61]
ERROR: [VRFC 10-4982] syntax error near 'when' [C:/Users/Client/Desktop/matousek/Digital-electronics-1/Labs/04-segment/hex_7seg/hex_7seg.srcs/sources_1/new/hex_7seg.vhd:63]
ERROR: [VRFC 10-4982] syntax error near 'when' [C:/Users/Client/Desktop/matousek/Digital-electronics-1/Labs/04-segment/hex_7seg/hex_7seg.srcs/sources_1/new/hex_7seg.vhd:65]
ERROR: [VRFC 10-4982] syntax error near 'when' [C:/Users/Client/Desktop/matousek/Digital-electronics-1/Labs/04-segment/hex_7seg/hex_7seg.srcs/sources_1/new/hex_7seg.vhd:67]
ERROR: [VRFC 10-4982] syntax error near 'when' [C:/Users/Client/Desktop/matousek/Digital-electronics-1/Labs/04-segment/hex_7seg/hex_7seg.srcs/sources_1/new/hex_7seg.vhd:69]
ERROR: [VRFC 10-4982] syntax error near 'when' [C:/Users/Client/Desktop/matousek/Digital-electronics-1/Labs/04-segment/hex_7seg/hex_7seg.srcs/sources_1/new/hex_7seg.vhd:71]
ERROR: [VRFC 10-4982] syntax error near 'when' [C:/Users/Client/Desktop/matousek/Digital-electronics-1/Labs/04-segment/hex_7seg/hex_7seg.srcs/sources_1/new/hex_7seg.vhd:73]
ERROR: [VRFC 10-4982] syntax error near 'when' [C:/Users/Client/Desktop/matousek/Digital-electronics-1/Labs/04-segment/hex_7seg/hex_7seg.srcs/sources_1/new/hex_7seg.vhd:75]
ERROR: [VRFC 10-4982] syntax error near 'when' [C:/Users/Client/Desktop/matousek/Digital-electronics-1/Labs/04-segment/hex_7seg/hex_7seg.srcs/sources_1/new/hex_7seg.vhd:77]
ERROR: [VRFC 10-4982] syntax error near 'case' [C:/Users/Client/Desktop/matousek/Digital-electronics-1/Labs/04-segment/hex_7seg/hex_7seg.srcs/sources_1/new/hex_7seg.vhd:79]
INFO: [VRFC 10-3070] VHDL file 'C:/Users/Client/Desktop/matousek/Digital-electronics-1/Labs/04-segment/hex_7seg/hex_7seg.srcs/sources_1/new/hex_7seg.vhd' ignored due to errors
